# JRE version: Java(TM) SE Runtime Environment (7.0_67-b01) (build 1.7.0_67-b01)
# Java VM: Java HotSpot(TM) 64-Bit Server VM (24.65-b04 mixed mode windows-amd64 compressed oops)
Heap
 PSYoungGen      total 107008K, used 31421K [0x00000000eaa80000, 0x00000000f7b80000, 0x0000000100000000)
  eden space 99328K, 23% used [0x00000000eaa80000,0x00000000ec1b5880,0x00000000f0b80000)
  from space 7680K, 99% used [0x00000000f0b80000,0x00000000f12f9b80,0x00000000f1300000)
  to   space 7680K, 0% used [0x00000000f7400000,0x00000000f7400000,0x00000000f7b80000)
 ParOldGen       total 130048K, used 23698K [0x00000000c0000000, 0x00000000c7f00000, 0x00000000eaa80000)
  object space 130048K, 18% used [0x00000000c0000000,0x00000000c1724bc0,0x00000000c7f00000)
 PSPermGen       total 21504K, used 5707K [0x00000000bae00000, 0x00000000bc300000, 0x00000000c0000000)
  object space 21504K, 26% used [0x00000000bae00000,0x00000000bb392d40,0x00000000bc300000)
GC Heap History (6 events):
Event: 4.043 GC heap before
{Heap before GC invocations=1 (full 0):
 PSYoungGen      total 57344K, used 49664K [0x00000000eaa80000, 0x00000000eea00000, 0x0000000100000000)
  eden space 49664K, 100% used [0x00000000eaa80000,0x00000000edb00000,0x00000000edb00000)
  from space 7680K, 0% used [0x00000000ee280000,0x00000000ee280000,0x00000000eea00000)
  to   space 7680K, 0% used [0x00000000edb00000,0x00000000edb00000,0x00000000ee280000)
 ParOldGen       total 130048K, used 0K [0x00000000c0000000, 0x00000000c7f00000, 0x00000000eaa80000)
  object space 130048K, 0% used [0x00000000c0000000,0x00000000c0000000,0x00000000c7f00000)
 PSPermGen       total 21504K, used 5555K [0x00000000bae00000, 0x00000000bc300000, 0x00000000c0000000)
  object space 21504K, 25% used [0x00000000bae00000,0x00000000bb36cf18,0x00000000bc300000)
Event: 4.956 GC heap after
Heap after GC invocations=1 (full 0):
 PSYoungGen      total 57344K, used 7651K [0x00000000eaa80000, 0x00000000f1a80000, 0x0000000100000000)
  eden space 49664K, 0% used [0x00000000eaa80000,0x00000000eaa80000,0x00000000edb00000)
  from space 7680K, 99% used [0x00000000edb00000,0x00000000ee278cf0,0x00000000ee280000)
  to   space 7680K, 0% used [0x00000000f1300000,0x00000000f1300000,0x00000000f1a80000)
 ParOldGen       total 130048K, used 1484K [0x00000000c0000000, 0x00000000c7f00000, 0x00000000eaa80000)
  object space 130048K, 1% used [0x00000000c0000000,0x00000000c0173198,0x00000000c7f00000)
 PSPermGen       total 21504K, used 5555K [0x00000000bae00000, 0x00000000bc300000, 0x00000000c0000000)
  object space 21504K, 25% used [0x00000000bae00000,0x00000000bb36cf18,0x00000000bc300000)
}
Event: 6.067 GC heap before
{Heap before GC invocations=2 (full 0):
 PSYoungGen      total 57344K, used 57315K [0x00000000eaa80000, 0x00000000f1a80000, 0x0000000100000000)
  eden space 49664K, 100% used [0x00000000eaa80000,0x00000000edb00000,0x00000000edb00000)
  from space 7680K, 99% used [0x00000000edb00000,0x00000000ee278cf0,0x00000000ee280000)
  to   space 7680K, 0% used [0x00000000f1300000,0x00000000f1300000,0x00000000f1a80000)
 ParOldGen       total 130048K, used 1484K [0x00000000c0000000, 0x00000000c7f00000, 0x00000000eaa80000)
  object space 130048K, 1% used [0x00000000c0000000,0x00000000c0173198,0x00000000c7f00000)
 PSPermGen       total 21504K, used 5628K [0x00000000bae00000, 0x00000000bc300000, 0x00000000c0000000)
  object space 21504K, 26% used [0x00000000bae00000,0x00000000bb37f1a8,0x00000000bc300000)
Event: 6.203 GC heap after
Heap after GC invocations=2 (full 0):
 PSYoungGen      total 107008K, used 7671K [0x00000000eaa80000, 0x00000000f1a80000, 0x0000000100000000)
  eden space 99328K, 0% used [0x00000000eaa80000,0x00000000eaa80000,0x00000000f0b80000)
  from space 7680K, 99% used [0x00000000f1300000,0x00000000f1a7dd88,0x00000000f1a80000)
  to   space 7680K, 0% used [0x00000000f0b80000,0x00000000f0b80000,0x00000000f1300000)
 ParOldGen       total 130048K, used 7577K [0x00000000c0000000, 0x00000000c7f00000, 0x00000000eaa80000)
  object space 130048K, 5% used [0x00000000c0000000,0x00000000c07666b0,0x00000000c7f00000)
 PSPermGen       total 21504K, used 5628K [0x00000000bae00000, 0x00000000bc300000, 0x00000000c0000000)
  object space 21504K, 26% used [0x00000000bae00000,0x00000000bb37f1a8,0x00000000bc300000)
}
Event: 10.062 GC heap before
{Heap before GC invocations=3 (full 0):
 PSYoungGen      total 107008K, used 106999K [0x00000000eaa80000, 0x00000000f1a80000, 0x0000000100000000)
  eden space 99328K, 100% used [0x00000000eaa80000,0x00000000f0b80000,0x00000000f0b80000)
  from space 7680K, 99% used [0x00000000f1300000,0x00000000f1a7dd88,0x00000000f1a80000)
  to   space 7680K, 0% used [0x00000000f0b80000,0x00000000f0b80000,0x00000000f1300000)
 ParOldGen       total 130048K, used 7577K [0x00000000c0000000, 0x00000000c7f00000, 0x00000000eaa80000)
  object space 130048K, 5% used [0x00000000c0000000,0x00000000c07666b0,0x00000000c7f00000)
 PSPermGen       total 21504K, used 5699K [0x00000000bae00000, 0x00000000bc300000, 0x00000000c0000000)
  object space 21504K, 26% used [0x00000000bae00000,0x00000000bb390f90,0x00000000bc300000)
Event: 10.955 GC heap after
Heap after GC invocations=3 (full 0):
 PSYoungGen      total 107008K, used 7654K [0x00000000eaa80000, 0x00000000f7b80000, 0x0000000100000000)
  eden space 99328K, 0% used [0x00000000eaa80000,0x00000000eaa80000,0x00000000f0b80000)
  from space 7680K, 99% used [0x00000000f0b80000,0x00000000f12f9b80,0x00000000f1300000)
  to   space 7680K, 0% used [0x00000000f7400000,0x00000000f7400000,0x00000000f7b80000)
 ParOldGen       total 130048K, used 23698K [0x00000000c0000000, 0x00000000c7f00000, 0x00000000eaa80000)
  object space 130048K, 18% used [0x00000000c0000000,0x00000000c1724bc0,0x00000000c7f00000)
 PSPermGen       total 21504K, used 5699K [0x00000000bae00000, 0x00000000bc300000, 0x00000000c0000000)
  object space 21504K, 26% used [0x00000000bae00000,0x00000000bb390f90,0x00000000bc300000)
}

